# JRE version: Java(TM) SE Runtime Environment (8.0_171-b11) (build 1.8.0_171-b11)
# Java VM: Java HotSpot(TM) 64-Bit Server VM (25.171-b11 mixed mode linux-amd64 compressed oops)
Heap:
 PSYoungGen      total 216064K, used 166553K [0x00000000f0000000, 0x0000000100000000, 0x0000000100000000)
  eden space 184832K, 73% used [0x00000000f0000000,0x00000000f8458508,0x00000000fb480000)
  from space 31232K, 99% used [0x00000000fb700000,0x00000000fd54def8,0x00000000fd580000)
  to   space 39424K, 0% used [0x00000000fd980000,0x00000000fd980000,0x0000000100000000)
 ParOldGen       total 524288K, used 76659K [0x00000000d0000000, 0x00000000f0000000, 0x00000000f0000000)
  object space 524288K, 14% used [0x00000000d0000000,0x00000000d4adcc60,0x00000000f0000000)
 Metaspace       used 69706K, capacity 74340K, committed 74584K, reserved 1114112K
  class space    used 9455K, capacity 10848K, committed 10880K, reserved 1048576K
GC Heap History (10 events):
Event: 632,334 GC heap before
{Heap before GC invocations=30 (full 3):
 PSYoungGen      total 225792K, used 207170K [0x00000000f0000000, 0x0000000100000000, 0x0000000100000000)
  eden space 187904K, 100% used [0x00000000f0000000,0x00000000fb780000,0x00000000fb780000)
  from space 37888K, 50% used [0x00000000fdb00000,0x00000000fedd0af0,0x0000000100000000)
  to   space 36352K, 0% used [0x00000000fb780000,0x00000000fb780000,0x00000000fdb00000)
 ParOldGen       total 524288K, used 76619K [0x00000000d0000000, 0x00000000f0000000, 0x00000000f0000000)
  object space 524288K, 14% used [0x00000000d0000000,0x00000000d4ad2c60,0x00000000f0000000)
 Metaspace       used 65399K, capacity 69092K, committed 69208K, reserved 1107968K
  class space    used 8839K, capacity 10042K, committed 10112K, reserved 1048576K
Event: 632,348 GC heap after
Heap after GC invocations=30 (full 3):
 PSYoungGen      total 224256K, used 20069K [0x00000000f0000000, 0x0000000100000000, 0x0000000100000000)
  eden space 187904K, 0% used [0x00000000f0000000,0x00000000f0000000,0x00000000fb780000)
  from space 36352K, 55% used [0x00000000fb780000,0x00000000fcb194f8,0x00000000fdb00000)
  to   space 35328K, 0% used [0x00000000fdd80000,0x00000000fdd80000,0x0000000100000000)
 ParOldGen       total 524288K, used 76627K [0x00000000d0000000, 0x00000000f0000000, 0x00000000f0000000)
  object space 524288K, 14% used [0x00000000d0000000,0x00000000d4ad4c60,0x00000000f0000000)
 Metaspace       used 65399K, capacity 69092K, committed 69208K, reserved 1107968K
  class space    used 8839K, capacity 10042K, committed 10112K, reserved 1048576K
}
Event: 1583,000 GC heap before
{Heap before GC invocations=31 (full 3):
 PSYoungGen      total 224256K, used 207973K [0x00000000f0000000, 0x0000000100000000, 0x0000000100000000)
  eden space 187904K, 100% used [0x00000000f0000000,0x00000000fb780000,0x00000000fb780000)
  from space 36352K, 55% used [0x00000000fb780000,0x00000000fcb194f8,0x00000000fdb00000)
  to   space 35328K, 0% used [0x00000000fdd80000,0x00000000fdd80000,0x0000000100000000)
 ParOldGen       total 524288K, used 76627K [0x00000000d0000000, 0x00000000f0000000, 0x00000000f0000000)
  object space 524288K, 14% used [0x00000000d0000000,0x00000000d4ad4c60,0x00000000f0000000)
 Metaspace       used 66377K, capacity 70096K, committed 70360K, reserved 1110016K
  class space    used 8964K, capacity 10196K, committed 10240K, reserved 1048576K
Event: 1583,038 GC heap after
Heap after GC invocations=31 (full 3):
 PSYoungGen      total 224768K, used 25814K [0x00000000f0000000, 0x0000000100000000, 0x0000000100000000)
  eden space 189440K, 0% used [0x00000000f0000000,0x00000000f0000000,0x00000000fb900000)
  from space 35328K, 73% used [0x00000000fdd80000,0x00000000ff6b5b68,0x0000000100000000)
  to   space 36352K, 0% used [0x00000000fb900000,0x00000000fb900000,0x00000000fdc80000)
 ParOldGen       total 524288K, used 76635K [0x00000000d0000000, 0x00000000f0000000, 0x00000000f0000000)
  object space 524288K, 14% used [0x00000000d0000000,0x00000000d4ad6c60,0x00000000f0000000)
 Metaspace       used 66377K, capacity 70096K, committed 70360K, reserved 1110016K
  class space    used 8964K, capacity 10196K, committed 10240K, reserved 1048576K
}
Event: 1610,383 GC heap before
{Heap before GC invocations=32 (full 3):
 PSYoungGen      total 224768K, used 215254K [0x00000000f0000000, 0x0000000100000000, 0x0000000100000000)
  eden space 189440K, 100% used [0x00000000f0000000,0x00000000fb900000,0x00000000fb900000)
  from space 35328K, 73% used [0x00000000fdd80000,0x00000000ff6b5b68,0x0000000100000000)
  to   space 36352K, 0% used [0x00000000fb900000,0x00000000fb900000,0x00000000fdc80000)
 ParOldGen       total 524288K, used 76635K [0x00000000d0000000, 0x00000000f0000000, 0x00000000f0000000)
  object space 524288K, 14% used [0x00000000d0000000,0x00000000d4ad6c60,0x00000000f0000000)
 Metaspace       used 67332K, capacity 71222K, committed 71384K, reserved 1110016K
  class space    used 9090K, capacity 10385K, committed 10496K, reserved 1048576K
Event: 1610,403 GC heap after
Heap after GC invocations=32 (full 3):
 PSYoungGen      total 225792K, used 22369K [0x00000000f0000000, 0x0000000100000000, 0x0000000100000000)
  eden space 189440K, 0% used [0x00000000f0000000,0x00000000f0000000,0x00000000fb900000)
  from space 36352K, 61% used [0x00000000fb900000,0x00000000fced8708,0x00000000fdc80000)
  to   space 35840K, 0% used [0x00000000fdd00000,0x00000000fdd00000,0x0000000100000000)
 ParOldGen       total 524288K, used 76643K [0x00000000d0000000, 0x00000000f0000000, 0x00000000f0000000)
  object space 524288K, 14% used [0x00000000d0000000,0x00000000d4ad8c60,0x00000000f0000000)
 Metaspace       used 67332K, capacity 71222K, committed 71384K, reserved 1110016K
  class space    used 9090K, capacity 10385K, committed 10496K, reserved 1048576K
}
Event: 1632,040 GC heap before
{Heap before GC invocations=33 (full 3):
 PSYoungGen      total 225792K, used 211575K [0x00000000f0000000, 0x0000000100000000, 0x0000000100000000)
  eden space 189440K, 99% used [0x00000000f0000000,0x00000000fb8c5680,0x00000000fb900000)
  from space 36352K, 61% used [0x00000000fb900000,0x00000000fced8708,0x00000000fdc80000)
  to   space 35840K, 0% used [0x00000000fdd00000,0x00000000fdd00000,0x0000000100000000)
 ParOldGen       total 524288K, used 76643K [0x00000000d0000000, 0x00000000f0000000, 0x00000000f0000000)
  object space 524288K, 14% used [0x00000000d0000000,0x00000000d4ad8c60,0x00000000f0000000)
 Metaspace       used 68597K, capacity 72734K, committed 72792K, reserved 1112064K
  class space    used 9289K, capacity 10594K, committed 10624K, reserved 1048576K
Event: 1632,067 GC heap after
Heap after GC invocations=33 (full 3):
 PSYoungGen      total 223232K, used 28242K [0x00000000f0000000, 0x0000000100000000, 0x0000000100000000)
  eden space 187392K, 0% used [0x00000000f0000000,0x00000000f0000000,0x00000000fb700000)
  from space 35840K, 78% used [0x00000000fdd00000,0x00000000ff894828,0x0000000100000000)
  to   space 37376K, 0% used [0x00000000fb700000,0x00000000fb700000,0x00000000fdb80000)
 ParOldGen       total 524288K, used 76651K [0x00000000d0000000, 0x00000000f0000000, 0x00000000f0000000)
  object space 524288K, 14% used [0x00000000d0000000,0x00000000d4adac60,0x00000000f0000000)
 Metaspace       used 68597K, capacity 72734K, committed 72792K, reserved 1112064K
  class space    used 9289K, capacity 10594K, committed 10624K, reserved 1048576K
}
Event: 2149,743 GC heap before
{Heap before GC invocations=34 (full 3):
 PSYoungGen      total 223232K, used 215561K [0x00000000f0000000, 0x0000000100000000, 0x0000000100000000)
  eden space 187392K, 99% used [0x00000000f0000000,0x00000000fb6edf70,0x00000000fb700000)
  from space 35840K, 78% used [0x00000000fdd00000,0x00000000ff894828,0x0000000100000000)
  to   space 37376K, 0% used [0x00000000fb700000,0x00000000fb700000,0x00000000fdb80000)
 ParOldGen       total 524288K, used 76651K [0x00000000d0000000, 0x00000000f0000000, 0x00000000f0000000)
  object space 524288K, 14% used [0x00000000d0000000,0x00000000d4adac60,0x00000000f0000000)
 Metaspace       used 69257K, capacity 73774K, committed 74072K, reserved 1112064K
  class space    used 9403K, capacity 10791K, committed 10880K, reserved 1048576K
Event: 2149,762 GC heap after
Heap after GC invocations=34 (full 3):
 PSYoungGen      total 216064K, used 31031K [0x00000000f0000000, 0x0000000100000000, 0x0000000100000000)
  eden space 184832K, 0% used [0x00000000f0000000,0x00000000f0000000,0x00000000fb480000)
  from space 31232K, 99% used [0x00000000fb700000,0x00000000fd54def8,0x00000000fd580000)
  to   space 39424K, 0% used [0x00000000fd980000,0x00000000fd980000,0x0000000100000000)
 ParOldGen       total 524288K, used 76659K [0x00000000d0000000, 0x00000000f0000000, 0x00000000f0000000)
  object space 524288K, 14% used [0x00000000d0000000,0x00000000d4adcc60,0x00000000f0000000)
 Metaspace       used 69257K, capacity 73774K, committed 74072K, reserved 1112064K
  class space    used 9403K, capacity 10791K, committed 10880K, reserved 1048576K
}

