# JRE version: Java(TM) SE Runtime Environment (8.0_171-b11) (build 1.8.0_171-b11)
# Java VM: Java HotSpot(TM) 64-Bit Server VM (25.171-b11 mixed mode linux-amd64 compressed oops)
Heap:
 PSYoungGen      total 216576K, used 42712K [0x00000000f0000000, 0x0000000100000000, 0x0000000100000000)
  eden space 174080K, 7% used [0x00000000f0000000,0x00000000f0d61428,0x00000000faa00000)
  from space 42496K, 68% used [0x00000000fd680000,0x00000000ff2d4c58,0x0000000100000000)
  to   space 44032K, 0% used [0x00000000faa00000,0x00000000faa00000,0x00000000fd500000)
 ParOldGen       total 524288K, used 75678K [0x00000000d0000000, 0x00000000f0000000, 0x00000000f0000000)
  object space 524288K, 14% used [0x00000000d0000000,0x00000000d49e7940,0x00000000f0000000)
 Metaspace       used 65283K, capacity 68244K, committed 68480K, reserved 1107968K
  class space    used 8623K, capacity 9569K, committed 9600K, reserved 1048576K
GC Heap History (10 events):
Event: 10,237 GC heap before
{Heap before GC invocations=23 (full 3):
 PSYoungGen      total 212992K, used 175104K [0x00000000f0000000, 0x0000000100000000, 0x0000000100000000)
  eden space 175104K, 100% used [0x00000000f0000000,0x00000000fab00000,0x00000000fab00000)
  from space 37888K, 0% used [0x00000000fab00000,0x00000000fab00000,0x00000000fd000000)
  to   space 47616K, 0% used [0x00000000fd180000,0x00000000fd180000,0x0000000100000000)
 ParOldGen       total 524288K, used 75654K [0x00000000d0000000, 0x00000000f0000000, 0x00000000f0000000)
  object space 524288K, 14% used [0x00000000d0000000,0x00000000d49e1940,0x00000000f0000000)
 Metaspace       used 59547K, capacity 60704K, committed 60888K, reserved 1101824K
  class space    used 7604K, capacity 7882K, committed 7936K, reserved 1048576K
Event: 10,241 GC heap after
Heap after GC invocations=23 (full 3):
 PSYoungGen      total 213504K, used 4721K [0x00000000f0000000, 0x0000000100000000, 0x0000000100000000)
  eden space 165888K, 0% used [0x00000000f0000000,0x00000000f0000000,0x00000000fa200000)
  from space 47616K, 9% used [0x00000000fd180000,0x00000000fd61c4b0,0x0000000100000000)
  to   space 48128K, 0% used [0x00000000fa200000,0x00000000fa200000,0x00000000fd100000)
 ParOldGen       total 524288K, used 75662K [0x00000000d0000000, 0x00000000f0000000, 0x00000000f0000000)
  object space 524288K, 14% used [0x00000000d0000000,0x00000000d49e3940,0x00000000f0000000)
 Metaspace       used 59547K, capacity 60704K, committed 60888K, reserved 1101824K
  class space    used 7604K, capacity 7882K, committed 7936K, reserved 1048576K
}
Event: 10,667 GC heap before
{Heap before GC invocations=24 (full 3):
 PSYoungGen      total 213504K, used 170609K [0x00000000f0000000, 0x0000000100000000, 0x0000000100000000)
  eden space 165888K, 100% used [0x00000000f0000000,0x00000000fa200000,0x00000000fa200000)
  from space 47616K, 9% used [0x00000000fd180000,0x00000000fd61c4b0,0x0000000100000000)
  to   space 48128K, 0% used [0x00000000fa200000,0x00000000fa200000,0x00000000fd100000)
 ParOldGen       total 524288K, used 75662K [0x00000000d0000000, 0x00000000f0000000, 0x00000000f0000000)
  object space 524288K, 14% used [0x00000000d0000000,0x00000000d49e3940,0x00000000f0000000)
 Metaspace       used 61157K, capacity 63058K, committed 63232K, reserved 1103872K
  class space    used 7960K, capacity 8656K, committed 8704K, reserved 1048576K
Event: 10,678 GC heap after
Heap after GC invocations=24 (full 3):
 PSYoungGen      total 214016K, used 9406K [0x00000000f0000000, 0x0000000100000000, 0x0000000100000000)
  eden space 165888K, 0% used [0x00000000f0000000,0x00000000f0000000,0x00000000fa200000)
  from space 48128K, 19% used [0x00000000fa200000,0x00000000fab2fbb0,0x00000000fd100000)
  to   space 47104K, 0% used [0x00000000fd200000,0x00000000fd200000,0x0000000100000000)
 ParOldGen       total 524288K, used 75662K [0x00000000d0000000, 0x00000000f0000000, 0x00000000f0000000)
  object space 524288K, 14% used [0x00000000d0000000,0x00000000d49e3940,0x00000000f0000000)
 Metaspace       used 61157K, capacity 63058K, committed 63232K, reserved 1103872K
  class space    used 7960K, capacity 8656K, committed 8704K, reserved 1048576K
}
Event: 14,611 GC heap before
{Heap before GC invocations=25 (full 3):
 PSYoungGen      total 214016K, used 175294K [0x00000000f0000000, 0x0000000100000000, 0x0000000100000000)
  eden space 165888K, 100% used [0x00000000f0000000,0x00000000fa200000,0x00000000fa200000)
  from space 48128K, 19% used [0x00000000fa200000,0x00000000fab2fbb0,0x00000000fd100000)
  to   space 47104K, 0% used [0x00000000fd200000,0x00000000fd200000,0x0000000100000000)
 ParOldGen       total 524288K, used 75662K [0x00000000d0000000, 0x00000000f0000000, 0x00000000f0000000)
  object space 524288K, 14% used [0x00000000d0000000,0x00000000d49e3940,0x00000000f0000000)
 Metaspace       used 62451K, capacity 64578K, committed 64768K, reserved 1105920K
  class space    used 8196K, capacity 8923K, committed 8960K, reserved 1048576K
Event: 14,622 GC heap after
Heap after GC invocations=25 (full 3):
 PSYoungGen      total 217088K, used 15357K [0x00000000f0000000, 0x0000000100000000, 0x0000000100000000)
  eden space 169984K, 0% used [0x00000000f0000000,0x00000000f0000000,0x00000000fa600000)
  from space 47104K, 32% used [0x00000000fd200000,0x00000000fe0ff440,0x0000000100000000)
  to   space 45056K, 0% used [0x00000000fa600000,0x00000000fa600000,0x00000000fd200000)
 ParOldGen       total 524288K, used 75670K [0x00000000d0000000, 0x00000000f0000000, 0x00000000f0000000)
  object space 524288K, 14% used [0x00000000d0000000,0x00000000d49e5940,0x00000000f0000000)
 Metaspace       used 62451K, capacity 64578K, committed 64768K, reserved 1105920K
  class space    used 8196K, capacity 8923K, committed 8960K, reserved 1048576K
}
Event: 39,837 GC heap before
{Heap before GC invocations=26 (full 3):
 PSYoungGen      total 217088K, used 185341K [0x00000000f0000000, 0x0000000100000000, 0x0000000100000000)
  eden space 169984K, 100% used [0x00000000f0000000,0x00000000fa600000,0x00000000fa600000)
  from space 47104K, 32% used [0x00000000fd200000,0x00000000fe0ff440,0x0000000100000000)
  to   space 45056K, 0% used [0x00000000fa600000,0x00000000fa600000,0x00000000fd200000)
 ParOldGen       total 524288K, used 75670K [0x00000000d0000000, 0x00000000f0000000, 0x00000000f0000000)
  object space 524288K, 14% used [0x00000000d0000000,0x00000000d49e5940,0x00000000f0000000)
 Metaspace       used 63484K, capacity 66258K, committed 66560K, reserved 1105920K
  class space    used 8418K, capacity 9350K, committed 9472K, reserved 1048576K
Event: 39,850 GC heap after
Heap after GC invocations=26 (full 3):
 PSYoungGen      total 215040K, used 18815K [0x00000000f0000000, 0x0000000100000000, 0x0000000100000000)
  eden space 169984K, 0% used [0x00000000f0000000,0x00000000f0000000,0x00000000fa600000)
  from space 45056K, 41% used [0x00000000fa600000,0x00000000fb85fc68,0x00000000fd200000)
  to   space 42496K, 0% used [0x00000000fd680000,0x00000000fd680000,0x0000000100000000)
 ParOldGen       total 524288K, used 75678K [0x00000000d0000000, 0x00000000f0000000, 0x00000000f0000000)
  object space 524288K, 14% used [0x00000000d0000000,0x00000000d49e7940,0x00000000f0000000)
 Metaspace       used 63484K, capacity 66258K, committed 66560K, reserved 1105920K
  class space    used 8418K, capacity 9350K, committed 9472K, reserved 1048576K
}
Event: 535,084 GC heap before
{Heap before GC invocations=27 (full 3):
 PSYoungGen      total 215040K, used 188799K [0x00000000f0000000, 0x0000000100000000, 0x0000000100000000)
  eden space 169984K, 100% used [0x00000000f0000000,0x00000000fa600000,0x00000000fa600000)
  from space 45056K, 41% used [0x00000000fa600000,0x00000000fb85fc68,0x00000000fd200000)
  to   space 42496K, 0% used [0x00000000fd680000,0x00000000fd680000,0x0000000100000000)
 ParOldGen       total 524288K, used 75678K [0x00000000d0000000, 0x00000000f0000000, 0x00000000f0000000)
  object space 524288K, 14% used [0x00000000d0000000,0x00000000d49e7940,0x00000000f0000000)
 Metaspace       used 65216K, capacity 68144K, committed 68224K, reserved 1107968K
  class space    used 8612K, capacity 9563K, committed 9600K, reserved 1048576K
Event: 535,101 GC heap after
Heap after GC invocations=27 (full 3):
 PSYoungGen      total 216576K, used 29011K [0x00000000f0000000, 0x0000000100000000, 0x0000000100000000)
  eden space 174080K, 0% used [0x00000000f0000000,0x00000000f0000000,0x00000000faa00000)
  from space 42496K, 68% used [0x00000000fd680000,0x00000000ff2d4c58,0x0000000100000000)
  to   space 44032K, 0% used [0x00000000faa00000,0x00000000faa00000,0x00000000fd500000)
 ParOldGen       total 524288K, used 75678K [0x00000000d0000000, 0x00000000f0000000, 0x00000000f0000000)
  object space 524288K, 14% used [0x00000000d0000000,0x00000000d49e7940,0x00000000f0000000)
 Metaspace       used 65216K, capacity 68144K, committed 68224K, reserved 1107968K
  class space    used 8612K, capacity 9563K, committed 9600K, reserved 1048576K
}

